<?xml version="1.0" encoding="UTF-8"?>
<coverage generated="1753740005203" clover="3.2.0">
  <project timestamp="1753740005203" name="All files">
    <metrics statements="119" coveredstatements="119" conditionals="52" coveredconditionals="52" methods="14" coveredmethods="14" elements="185" coveredelements="185" complexity="0" loc="119" ncloc="119" packages="3" files="11" classes="11"/>
    <package name="controllers">
      <metrics statements="16" coveredstatements="16" conditionals="0" coveredconditionals="0" methods="4" coveredmethods="4"/>
      <file name="feedbackController.ts" path="/Users/hariharanrathinakumar/UL/SE/Dissertation/NanoInkPrinter/NanoInkPrinter/Backend/src/controllers/feedbackController.ts">
        <metrics statements="5" coveredstatements="5" conditionals="0" coveredconditionals="0" methods="1" coveredmethods="1"/>
        <line num="2" count="1" type="stmt"/>
        <line num="4" count="1" type="stmt"/>
        <line num="8" count="1" type="stmt"/>
        <line num="9" count="1" type="stmt"/>
        <line num="10" count="1" type="stmt"/>
      </file>
      <file name="recommendController.ts" path="/Users/hariharanrathinakumar/UL/SE/Dissertation/NanoInkPrinter/NanoInkPrinter/Backend/src/controllers/recommendController.ts">
        <metrics statements="4" coveredstatements="4" conditionals="0" coveredconditionals="0" methods="1" coveredmethods="1"/>
        <line num="2" count="1" type="stmt"/>
        <line num="4" count="1" type="stmt"/>
        <line num="5" count="1" type="stmt"/>
        <line num="6" count="1" type="stmt"/>
      </file>
      <file name="userController.ts" path="/Users/hariharanrathinakumar/UL/SE/Dissertation/NanoInkPrinter/NanoInkPrinter/Backend/src/controllers/userController.ts">
        <metrics statements="7" coveredstatements="7" conditionals="0" coveredconditionals="0" methods="2" coveredmethods="2"/>
        <line num="2" count="1" type="stmt"/>
        <line num="4" count="1" type="stmt"/>
        <line num="5" count="1" type="stmt"/>
        <line num="6" count="1" type="stmt"/>
        <line num="9" count="1" type="stmt"/>
        <line num="10" count="1" type="stmt"/>
        <line num="11" count="1" type="stmt"/>
      </file>
    </package>
    <package name="services">
      <metrics statements="59" coveredstatements="59" conditionals="24" coveredconditionals="24" methods="4" coveredmethods="4"/>
      <file name="feedbackService.ts" path="/Users/hariharanrathinakumar/UL/SE/Dissertation/NanoInkPrinter/NanoInkPrinter/Backend/src/services/feedbackService.ts">
        <metrics statements="14" coveredstatements="14" conditionals="4" coveredconditionals="4" methods="1" coveredmethods="1"/>
        <line num="1" count="2" type="stmt"/>
        <line num="2" count="2" type="stmt"/>
        <line num="3" count="2" type="stmt"/>
        <line num="4" count="2" type="stmt"/>
        <line num="6" count="2" type="stmt"/>
        <line num="8" count="2" type="stmt"/>
        <line num="17" count="3" type="stmt"/>
        <line num="19" count="3" type="cond" truecount="4" falsecount="0"/>
        <line num="20" count="2" type="stmt"/>
        <line num="23" count="1" type="stmt"/>
        <line num="47" count="1" type="stmt"/>
        <line num="48" count="1" type="stmt"/>
        <line num="49" count="1" type="stmt"/>
        <line num="51" count="1" type="stmt"/>
      </file>
      <file name="recommendService.ts" path="/Users/hariharanrathinakumar/UL/SE/Dissertation/NanoInkPrinter/NanoInkPrinter/Backend/src/services/recommendService.ts">
        <metrics statements="20" coveredstatements="20" conditionals="2" coveredconditionals="2" methods="1" coveredmethods="1"/>
        <line num="1" count="2" type="stmt"/>
        <line num="2" count="2" type="stmt"/>
        <line num="3" count="2" type="stmt"/>
        <line num="4" count="2" type="stmt"/>
        <line num="6" count="2" type="stmt"/>
        <line num="7" count="2" type="stmt"/>
        <line num="8" count="2" type="stmt"/>
        <line num="10" count="2" type="stmt"/>
        <line num="12" count="2" type="stmt"/>
        <line num="14" count="2" type="stmt"/>
        <line num="15" count="2" type="stmt"/>
        <line num="16" count="2" type="stmt"/>
        <line num="18" count="2" type="stmt"/>
        <line num="19" count="2" type="stmt"/>
        <line num="21" count="2" type="cond" truecount="2" falsecount="0"/>
        <line num="22" count="1" type="stmt"/>
        <line num="23" count="1" type="stmt"/>
        <line num="24" count="1" type="stmt"/>
        <line num="25" count="1" type="stmt"/>
        <line num="28" count="2" type="stmt"/>
      </file>
      <file name="userService.ts" path="/Users/hariharanrathinakumar/UL/SE/Dissertation/NanoInkPrinter/NanoInkPrinter/Backend/src/services/userService.ts">
        <metrics statements="25" coveredstatements="25" conditionals="18" coveredconditionals="18" methods="2" coveredmethods="2"/>
        <line num="1" count="2" type="stmt"/>
        <line num="2" count="2" type="stmt"/>
        <line num="3" count="2" type="stmt"/>
        <line num="5" count="2" type="stmt"/>
        <line num="7" count="2" type="stmt"/>
        <line num="8" count="4" type="stmt"/>
        <line num="10" count="4" type="cond" truecount="6" falsecount="0"/>
        <line num="11" count="1" type="stmt"/>
        <line num="14" count="3" type="cond" truecount="2" falsecount="0"/>
        <line num="15" count="1" type="stmt"/>
        <line num="18" count="2" type="stmt"/>
        <line num="19" count="2" type="cond" truecount="2" falsecount="0"/>
        <line num="20" count="1" type="stmt"/>
        <line num="23" count="1" type="stmt"/>
        <line num="24" count="1" type="stmt"/>
        <line num="28" count="1" type="stmt"/>
        <line num="41" count="2" type="stmt"/>
        <line num="42" count="4" type="stmt"/>
        <line num="44" count="4" type="cond" truecount="4" falsecount="0"/>
        <line num="45" count="1" type="stmt"/>
        <line num="48" count="3" type="stmt"/>
        <line num="49" count="3" type="cond" truecount="4" falsecount="0"/>
        <line num="50" count="2" type="stmt"/>
        <line num="53" count="1" type="stmt"/>
        <line num="59" count="1" type="stmt"/>
      </file>
    </package>
    <package name="utils">
      <metrics statements="44" coveredstatements="44" conditionals="28" coveredconditionals="28" methods="6" coveredmethods="6"/>
      <file name="dropletPredictor.ts" path="/Users/hariharanrathinakumar/UL/SE/Dissertation/NanoInkPrinter/NanoInkPrinter/Backend/src/utils/dropletPredictor.ts">
        <metrics statements="4" coveredstatements="4" conditionals="2" coveredconditionals="2" methods="1" coveredmethods="1"/>
        <line num="1" count="5" type="stmt"/>
        <line num="2" count="2" type="stmt"/>
        <line num="3" count="2" type="stmt"/>
        <line num="5" count="2" type="stmt"/>
      </file>
      <file name="fluidNumbers.ts" path="/Users/hariharanrathinakumar/UL/SE/Dissertation/NanoInkPrinter/NanoInkPrinter/Backend/src/utils/fluidNumbers.ts">
        <metrics statements="10" coveredstatements="10" conditionals="6" coveredconditionals="6" methods="1" coveredmethods="1"/>
        <line num="1" count="3" type="stmt"/>
        <line num="2" count="5" type="stmt"/>
        <line num="3" count="5" type="stmt"/>
        <line num="4" count="5" type="stmt"/>
        <line num="5" count="5" type="stmt"/>
        <line num="7" count="5" type="stmt"/>
        <line num="8" count="5" type="stmt"/>
        <line num="9" count="5" type="stmt"/>
        <line num="10" count="5" type="stmt"/>
        <line num="12" count="5" type="stmt"/>
      </file>
      <file name="refineUtils.ts" path="/Users/hariharanrathinakumar/UL/SE/Dissertation/NanoInkPrinter/NanoInkPrinter/Backend/src/utils/refineUtils.ts">
        <metrics statements="14" coveredstatements="14" conditionals="6" coveredconditionals="6" methods="2" coveredmethods="2"/>
        <line num="1" count="3" type="stmt"/>
        <line num="2" count="6" type="stmt"/>
        <line num="3" count="6" type="stmt"/>
        <line num="6" count="3" type="stmt"/>
        <line num="7" count="5" type="stmt"/>
        <line num="9" count="5" type="cond" truecount="2" falsecount="0"/>
        <line num="10" count="2" type="stmt"/>
        <line num="13" count="5" type="cond" truecount="2" falsecount="0"/>
        <line num="14" count="1" type="stmt"/>
        <line num="15" count="1" type="stmt"/>
        <line num="18" count="5" type="cond" truecount="2" falsecount="0"/>
        <line num="19" count="1" type="stmt"/>
        <line num="20" count="1" type="stmt"/>
        <line num="23" count="5" type="stmt"/>
      </file>
      <file name="stabilityChecker.ts" path="/Users/hariharanrathinakumar/UL/SE/Dissertation/NanoInkPrinter/NanoInkPrinter/Backend/src/utils/stabilityChecker.ts">
        <metrics statements="7" coveredstatements="7" conditionals="7" coveredconditionals="7" methods="1" coveredmethods="1"/>
        <line num="1" count="5" type="stmt"/>
        <line num="2" count="7" type="stmt"/>
        <line num="3" count="7" type="stmt"/>
        <line num="4" count="7" type="stmt"/>
        <line num="5" count="7" type="cond" truecount="2" falsecount="0"/>
        <line num="6" count="7" type="stmt"/>
        <line num="8" count="7" type="cond" truecount="5" falsecount="0"/>
      </file>
      <file name="waveformUtils.ts" path="/Users/hariharanrathinakumar/UL/SE/Dissertation/NanoInkPrinter/NanoInkPrinter/Backend/src/utils/waveformUtils.ts">
        <metrics statements="9" coveredstatements="9" conditionals="7" coveredconditionals="7" methods="1" coveredmethods="1"/>
        <line num="1" count="3" type="cond" truecount="1" falsecount="0"/>
        <line num="2" count="7" type="cond" truecount="2" falsecount="0"/>
        <line num="3" count="7" type="cond" truecount="2" falsecount="0"/>
        <line num="4" count="7" type="cond" truecount="2" falsecount="0"/>
        <line num="5" count="7" type="stmt"/>
        <line num="6" count="7" type="stmt"/>
        <line num="7" count="7" type="stmt"/>
        <line num="9" count="7" type="stmt"/>
        <line num="11" count="7" type="stmt"/>
      </file>
    </package>
  </project>
</coverage>
