{"/Users/hariharanrathinakumar/UL/SE/Dissertation/NanoInkPrinter/NanoInkPrinter/Backend/src/controllers/feedbackController.ts": {"path":"/Users/hariharanrathinakumar/UL/SE/Dissertation/NanoInkPrinter/NanoInkPrinter/Backend/src/controllers/feedbackController.ts","statementMap":{"0":{"start":{"line":2,"column":0},"end":{"line":2,"column":63}},"1":{"start":{"line":4,"column":30},"end":{"line":11,"column":1}},"2":{"start":{"line":8,"column":18},"end":{"line":8,"column":38}},"3":{"start":{"line":9,"column":17},"end":{"line":9,"column":72}},"4":{"start":{"line":10,"column":2},"end":{"line":10,"column":31}},"5":{"start":{"line":4,"column":13},"end":{"line":4,"column":30}}},"fnMap":{"0":{"name":"(anonymous_9)","decl":{"start":{"line":4,"column":30},"end":{"line":4,"column":35}},"loc":{"start":{"line":7,"column":19},"end":{"line":11,"column":1}}}},"branchMap":{},"s":{"0":1,"1":1,"2":1,"3":1,"4":1,"5":1},"f":{"0":1},"b":{}}
,"/Users/hariharanrathinakumar/UL/SE/Dissertation/NanoInkPrinter/NanoInkPrinter/Backend/src/controllers/recommendController.ts": {"path":"/Users/hariharanrathinakumar/UL/SE/Dissertation/NanoInkPrinter/NanoInkPrinter/Backend/src/controllers/recommendController.ts","statementMap":{"0":{"start":{"line":2,"column":0},"end":{"line":2,"column":65}},"1":{"start":{"line":4,"column":38},"end":{"line":7,"column":1}},"2":{"start":{"line":5,"column":17},"end":{"line":5,"column":58}},"3":{"start":{"line":6,"column":2},"end":{"line":6,"column":31}},"4":{"start":{"line":4,"column":13},"end":{"line":4,"column":38}}},"fnMap":{"0":{"name":"(anonymous_9)","decl":{"start":{"line":4,"column":38},"end":{"line":4,"column":43}},"loc":{"start":{"line":4,"column":76},"end":{"line":7,"column":1}}}},"branchMap":{},"s":{"0":1,"1":1,"2":1,"3":1,"4":1},"f":{"0":1},"b":{}}
,"/Users/hariharanrathinakumar/UL/SE/Dissertation/NanoInkPrinter/NanoInkPrinter/Backend/src/controllers/userController.ts": {"path":"/Users/hariharanrathinakumar/UL/SE/Dissertation/NanoInkPrinter/NanoInkPrinter/Backend/src/controllers/userController.ts","statementMap":{"0":{"start":{"line":2,"column":0},"end":{"line":2,"column":55}},"1":{"start":{"line":4,"column":28},"end":{"line":7,"column":1}},"2":{"start":{"line":5,"column":17},"end":{"line":5,"column":53}},"3":{"start":{"line":6,"column":2},"end":{"line":6,"column":46}},"4":{"start":{"line":4,"column":13},"end":{"line":4,"column":28}},"5":{"start":{"line":9,"column":25},"end":{"line":12,"column":1}},"6":{"start":{"line":10,"column":17},"end":{"line":10,"column":50}},"7":{"start":{"line":11,"column":2},"end":{"line":11,"column":46}},"8":{"start":{"line":9,"column":13},"end":{"line":9,"column":25}}},"fnMap":{"0":{"name":"(anonymous_9)","decl":{"start":{"line":4,"column":28},"end":{"line":4,"column":33}},"loc":{"start":{"line":4,"column":66},"end":{"line":7,"column":1}}},"1":{"name":"(anonymous_10)","decl":{"start":{"line":9,"column":25},"end":{"line":9,"column":30}},"loc":{"start":{"line":9,"column":63},"end":{"line":12,"column":1}}}},"branchMap":{},"s":{"0":1,"1":1,"2":1,"3":1,"4":1,"5":1,"6":1,"7":1,"8":1},"f":{"0":1,"1":1},"b":{}}
,"/Users/hariharanrathinakumar/UL/SE/Dissertation/NanoInkPrinter/NanoInkPrinter/Backend/src/services/feedbackService.ts": {"path":"/Users/hariharanrathinakumar/UL/SE/Dissertation/NanoInkPrinter/NanoInkPrinter/Backend/src/services/feedbackService.ts","statementMap":{"0":{"start":{"line":1,"column":0},"end":{"line":1,"column":70}},"1":{"start":{"line":2,"column":0},"end":{"line":2,"column":59}},"2":{"start":{"line":3,"column":0},"end":{"line":3,"column":59}},"3":{"start":{"line":4,"column":0},"end":{"line":4,"column":46}},"4":{"start":{"line":6,"column":15},"end":{"line":6,"column":33}},"5":{"start":{"line":8,"column":31},"end":{"line":64,"column":1}},"6":{"start":{"line":17,"column":6},"end":{"line":17,"column":10}},"7":{"start":{"line":19,"column":2},"end":{"line":21,"column":3}},"8":{"start":{"line":20,"column":4},"end":{"line":20,"column":73}},"9":{"start":{"line":23,"column":16},"end":{"line":34,"column":4}},"10":{"start":{"line":47,"column":26},"end":{"line":47,"column":58}},"11":{"start":{"line":48,"column":25},"end":{"line":48,"column":71}},"12":{"start":{"line":49,"column":19},"end":{"line":49,"column":71}},"13":{"start":{"line":51,"column":2},"end":{"line":63,"column":4}},"14":{"start":{"line":8,"column":13},"end":{"line":8,"column":31}}},"fnMap":{"0":{"name":"(anonymous_0)","decl":{"start":{"line":8,"column":31},"end":{"line":8,"column":36}},"loc":{"start":{"line":8,"column":68},"end":{"line":64,"column":1}}}},"branchMap":{"0":{"loc":{"start":{"line":19,"column":2},"end":{"line":21,"column":3}},"type":"if","locations":[{"start":{"line":19,"column":2},"end":{"line":21,"column":3}},{"start":{},"end":{}}]},"1":{"loc":{"start":{"line":19,"column":6},"end":{"line":19,"column":43}},"type":"binary-expr","locations":[{"start":{"line":19,"column":6},"end":{"line":19,"column":13}},{"start":{"line":19,"column":17},"end":{"line":19,"column":43}}]}},"s":{"0":2,"1":2,"2":2,"3":2,"4":2,"5":2,"6":3,"7":3,"8":2,"9":1,"10":1,"11":1,"12":1,"13":1,"14":2},"f":{"0":3},"b":{"0":[2,1],"1":[3,2]}}
,"/Users/hariharanrathinakumar/UL/SE/Dissertation/NanoInkPrinter/NanoInkPrinter/Backend/src/services/recommendService.ts": {"path":"/Users/hariharanrathinakumar/UL/SE/Dissertation/NanoInkPrinter/NanoInkPrinter/Backend/src/services/recommendService.ts","statementMap":{"0":{"start":{"line":1,"column":0},"end":{"line":1,"column":56}},"1":{"start":{"line":2,"column":0},"end":{"line":2,"column":58}},"2":{"start":{"line":3,"column":0},"end":{"line":3,"column":59}},"3":{"start":{"line":4,"column":0},"end":{"line":4,"column":59}},"4":{"start":{"line":6,"column":24},"end":{"line":38,"column":1}},"5":{"start":{"line":7,"column":52},"end":{"line":7,"column":57}},"6":{"start":{"line":8,"column":28},"end":{"line":8,"column":59}},"7":{"start":{"line":10,"column":23},"end":{"line":10,"column":61}},"8":{"start":{"line":12,"column":26},"end":{"line":12,"column":57}},"9":{"start":{"line":14,"column":17},"end":{"line":14,"column":32}},"10":{"start":{"line":15,"column":25},"end":{"line":15,"column":64}},"11":{"start":{"line":16,"column":17},"end":{"line":16,"column":84}},"12":{"start":{"line":18,"column":17},"end":{"line":18,"column":18}},"13":{"start":{"line":19,"column":23},"end":{"line":19,"column":24}},"14":{"start":{"line":21,"column":2},"end":{"line":26,"column":3}},"15":{"start":{"line":22,"column":4},"end":{"line":22,"column":61}},"16":{"start":{"line":23,"column":4},"end":{"line":23,"column":63}},"17":{"start":{"line":24,"column":4},"end":{"line":24,"column":83}},"18":{"start":{"line":25,"column":4},"end":{"line":25,"column":15}},"19":{"start":{"line":28,"column":2},"end":{"line":37,"column":4}},"20":{"start":{"line":6,"column":13},"end":{"line":6,"column":24}}},"fnMap":{"0":{"name":"(anonymous_0)","decl":{"start":{"line":6,"column":24},"end":{"line":6,"column":29}},"loc":{"start":{"line":6,"column":45},"end":{"line":38,"column":1}}}},"branchMap":{"0":{"loc":{"start":{"line":21,"column":9},"end":{"line":21,"column":45}},"type":"binary-expr","locations":[{"start":{"line":21,"column":9},"end":{"line":21,"column":18}},{"start":{"line":21,"column":22},"end":{"line":21,"column":45}}]}},"s":{"0":2,"1":2,"2":2,"3":2,"4":2,"5":2,"6":2,"7":2,"8":2,"9":2,"10":2,"11":2,"12":2,"13":2,"14":2,"15":1,"16":1,"17":1,"18":1,"19":2,"20":2},"f":{"0":2},"b":{"0":[3,1]}}
,"/Users/hariharanrathinakumar/UL/SE/Dissertation/NanoInkPrinter/NanoInkPrinter/Backend/src/services/userService.ts": {"path":"/Users/hariharanrathinakumar/UL/SE/Dissertation/NanoInkPrinter/NanoInkPrinter/Backend/src/services/userService.ts","statementMap":{"0":{"start":{"line":1,"column":0},"end":{"line":1,"column":46}},"1":{"start":{"line":2,"column":0},"end":{"line":2,"column":30}},"2":{"start":{"line":3,"column":0},"end":{"line":3,"column":31}},"3":{"start":{"line":5,"column":15},"end":{"line":5,"column":33}},"4":{"start":{"line":7,"column":24},"end":{"line":39,"column":1}},"5":{"start":{"line":8,"column":56},"end":{"line":8,"column":60}},"6":{"start":{"line":10,"column":2},"end":{"line":12,"column":3}},"7":{"start":{"line":11,"column":4},"end":{"line":11,"column":74}},"8":{"start":{"line":14,"column":2},"end":{"line":16,"column":3}},"9":{"start":{"line":15,"column":4},"end":{"line":15,"column":73}},"10":{"start":{"line":18,"column":23},"end":{"line":18,"column":76}},"11":{"start":{"line":19,"column":2},"end":{"line":21,"column":3}},"12":{"start":{"line":20,"column":4},"end":{"line":20,"column":74}},"13":{"start":{"line":23,"column":25},"end":{"line":23,"column":56}},"14":{"start":{"line":24,"column":15},"end":{"line":26,"column":4}},"15":{"start":{"line":28,"column":2},"end":{"line":38,"column":4}},"16":{"start":{"line":7,"column":13},"end":{"line":7,"column":24}},"17":{"start":{"line":41,"column":21},"end":{"line":66,"column":1}},"18":{"start":{"line":42,"column":33},"end":{"line":42,"column":37}},"19":{"start":{"line":44,"column":2},"end":{"line":46,"column":3}},"20":{"start":{"line":45,"column":4},"end":{"line":45,"column":85}},"21":{"start":{"line":48,"column":15},"end":{"line":48,"column":68}},"22":{"start":{"line":49,"column":2},"end":{"line":51,"column":3}},"23":{"start":{"line":50,"column":4},"end":{"line":50,"column":70}},"24":{"start":{"line":53,"column":16},"end":{"line":56,"column":null}},"25":{"start":{"line":59,"column":2},"end":{"line":65,"column":4}},"26":{"start":{"line":41,"column":13},"end":{"line":41,"column":21}}},"fnMap":{"0":{"name":"(anonymous_1)","decl":{"start":{"line":7,"column":24},"end":{"line":7,"column":29}},"loc":{"start":{"line":7,"column":44},"end":{"line":39,"column":1}}},"1":{"name":"(anonymous_2)","decl":{"start":{"line":41,"column":21},"end":{"line":41,"column":26}},"loc":{"start":{"line":41,"column":41},"end":{"line":66,"column":1}}}},"branchMap":{"0":{"loc":{"start":{"line":10,"column":2},"end":{"line":12,"column":3}},"type":"if","locations":[{"start":{"line":10,"column":2},"end":{"line":12,"column":3}},{"start":{},"end":{}}]},"1":{"loc":{"start":{"line":10,"column":6},"end":{"line":10,"column":57}},"type":"binary-expr","locations":[{"start":{"line":10,"column":6},"end":{"line":10,"column":11}},{"start":{"line":10,"column":15},"end":{"line":10,"column":24}},{"start":{"line":10,"column":28},"end":{"line":10,"column":37}},{"start":{"line":10,"column":41},"end":{"line":10,"column":57}}]},"2":{"loc":{"start":{"line":14,"column":2},"end":{"line":16,"column":3}},"type":"if","locations":[{"start":{"line":14,"column":2},"end":{"line":16,"column":3}},{"start":{},"end":{}}]},"3":{"loc":{"start":{"line":19,"column":2},"end":{"line":21,"column":3}},"type":"if","locations":[{"start":{"line":19,"column":2},"end":{"line":21,"column":3}},{"start":{},"end":{}}]},"4":{"loc":{"start":{"line":44,"column":2},"end":{"line":46,"column":3}},"type":"if","locations":[{"start":{"line":44,"column":2},"end":{"line":46,"column":3}},{"start":{},"end":{}}]},"5":{"loc":{"start":{"line":44,"column":6},"end":{"line":44,"column":28}},"type":"binary-expr","locations":[{"start":{"line":44,"column":6},"end":{"line":44,"column":15}},{"start":{"line":44,"column":19},"end":{"line":44,"column":28}}]},"6":{"loc":{"start":{"line":49,"column":2},"end":{"line":51,"column":3}},"type":"if","locations":[{"start":{"line":49,"column":2},"end":{"line":51,"column":3}},{"start":{},"end":{}}]},"7":{"loc":{"start":{"line":49,"column":6},"end":{"line":49,"column":63}},"type":"binary-expr","locations":[{"start":{"line":49,"column":6},"end":{"line":49,"column":11}},{"start":{"line":49,"column":15},"end":{"line":49,"column":63}}]}},"s":{"0":2,"1":2,"2":2,"3":2,"4":2,"5":4,"6":4,"7":1,"8":3,"9":1,"10":2,"11":2,"12":1,"13":1,"14":1,"15":1,"16":2,"17":2,"18":4,"19":4,"20":1,"21":3,"22":3,"23":2,"24":1,"25":1,"26":2},"f":{"0":4,"1":4},"b":{"0":[1,3],"1":[4,3,3,3],"2":[1,2],"3":[1,1],"4":[1,3],"5":[4,3],"6":[2,1],"7":[3,2]}}
,"/Users/hariharanrathinakumar/UL/SE/Dissertation/NanoInkPrinter/NanoInkPrinter/Backend/src/utils/dropletPredictor.ts": {"path":"/Users/hariharanrathinakumar/UL/SE/Dissertation/NanoInkPrinter/NanoInkPrinter/Backend/src/utils/dropletPredictor.ts","statementMap":{"0":{"start":{"line":1,"column":0},"end":{"line":1,"column":16}},"1":{"start":{"line":2,"column":23},"end":{"line":2,"column":26}},"2":{"start":{"line":3,"column":21},"end":{"line":3,"column":53}},"3":{"start":{"line":5,"column":4},"end":{"line":11,"column":6}}},"fnMap":{"0":{"name":"predictDroplet","decl":{"start":{"line":1,"column":16},"end":{"line":1,"column":30}},"loc":{"start":{"line":1,"column":54},"end":{"line":12,"column":3}}}},"branchMap":{"0":{"loc":{"start":{"line":10,"column":22},"end":{"line":10,"column":69}},"type":"cond-expr","locations":[{"start":{"line":10,"column":48},"end":{"line":10,"column":58}},{"start":{"line":10,"column":61},"end":{"line":10,"column":69}}]}},"s":{"0":5,"1":2,"2":2,"3":2},"f":{"0":2},"b":{"0":[1,1]}}
,"/Users/hariharanrathinakumar/UL/SE/Dissertation/NanoInkPrinter/NanoInkPrinter/Backend/src/utils/fluidNumbers.ts": {"path":"/Users/hariharanrathinakumar/UL/SE/Dissertation/NanoInkPrinter/NanoInkPrinter/Backend/src/utils/fluidNumbers.ts","statementMap":{"0":{"start":{"line":1,"column":0},"end":{"line":1,"column":16}},"1":{"start":{"line":2,"column":15},"end":{"line":2,"column":40}},"2":{"start":{"line":3,"column":18},"end":{"line":3,"column":40}},"3":{"start":{"line":4,"column":16},"end":{"line":4,"column":33}},"4":{"start":{"line":5,"column":14},"end":{"line":5,"column":39}},"5":{"start":{"line":7,"column":30},"end":{"line":7,"column":58}},"6":{"start":{"line":8,"column":15},"end":{"line":8,"column":49}},"7":{"start":{"line":9,"column":15},"end":{"line":9,"column":65}},"8":{"start":{"line":10,"column":15},"end":{"line":10,"column":46}},"9":{"start":{"line":12,"column":4},"end":{"line":21,"column":6}}},"fnMap":{"0":{"name":"calculateOhReWe","decl":{"start":{"line":1,"column":16},"end":{"line":1,"column":31}},"loc":{"start":{"line":1,"column":53},"end":{"line":22,"column":3}}}},"branchMap":{"0":{"loc":{"start":{"line":17,"column":12},"end":{"line":17,"column":72}},"type":"cond-expr","locations":[{"start":{"line":17,"column":23},"end":{"line":17,"column":67}},{"start":{"line":17,"column":70},"end":{"line":17,"column":72}}]},"1":{"loc":{"start":{"line":18,"column":12},"end":{"line":18,"column":73}},"type":"cond-expr","locations":[{"start":{"line":18,"column":21},"end":{"line":18,"column":68}},{"start":{"line":18,"column":71},"end":{"line":18,"column":73}}]},"2":{"loc":{"start":{"line":19,"column":12},"end":{"line":19,"column":56}},"type":"cond-expr","locations":[{"start":{"line":19,"column":22},"end":{"line":19,"column":51}},{"start":{"line":19,"column":54},"end":{"line":19,"column":56}}]}},"s":{"0":3,"1":5,"2":5,"3":5,"4":5,"5":5,"6":5,"7":5,"8":5,"9":5},"f":{"0":5},"b":{"0":[2,3],"1":[3,2],"2":[3,2]}}
,"/Users/hariharanrathinakumar/UL/SE/Dissertation/NanoInkPrinter/NanoInkPrinter/Backend/src/utils/refineUtils.ts": {"path":"/Users/hariharanrathinakumar/UL/SE/Dissertation/NanoInkPrinter/NanoInkPrinter/Backend/src/utils/refineUtils.ts","statementMap":{"0":{"start":{"line":1,"column":0},"end":{"line":1,"column":16}},"1":{"start":{"line":6,"column":2},"end":{"line":6,"column":18}},"2":{"start":{"line":2,"column":27},"end":{"line":2,"column":64}},"3":{"start":{"line":3,"column":4},"end":{"line":3,"column":43}},"4":{"start":{"line":7,"column":24},"end":{"line":7,"column":39}},"5":{"start":{"line":9,"column":4},"end":{"line":11,"column":5}},"6":{"start":{"line":10,"column":6},"end":{"line":10,"column":42}},"7":{"start":{"line":13,"column":4},"end":{"line":16,"column":5}},"8":{"start":{"line":14,"column":6},"end":{"line":14,"column":42}},"9":{"start":{"line":15,"column":6},"end":{"line":15,"column":37}},"10":{"start":{"line":18,"column":4},"end":{"line":21,"column":5}},"11":{"start":{"line":19,"column":6},"end":{"line":19,"column":35}},"12":{"start":{"line":20,"column":6},"end":{"line":20,"column":50}},"13":{"start":{"line":23,"column":4},"end":{"line":23,"column":23}}},"fnMap":{"0":{"name":"requiresUpdate","decl":{"start":{"line":1,"column":16},"end":{"line":1,"column":30}},"loc":{"start":{"line":1,"column":45},"end":{"line":4,"column":3}}},"1":{"name":"refineWaveform","decl":{"start":{"line":6,"column":18},"end":{"line":6,"column":32}},"loc":{"start":{"line":6,"column":62},"end":{"line":24,"column":3}}}},"branchMap":{"0":{"loc":{"start":{"line":9,"column":4},"end":{"line":11,"column":5}},"type":"if","locations":[{"start":{"line":9,"column":4},"end":{"line":11,"column":5}},{"start":{},"end":{}}]},"1":{"loc":{"start":{"line":13,"column":4},"end":{"line":16,"column":5}},"type":"if","locations":[{"start":{"line":13,"column":4},"end":{"line":16,"column":5}},{"start":{},"end":{}}]},"2":{"loc":{"start":{"line":18,"column":4},"end":{"line":21,"column":5}},"type":"if","locations":[{"start":{"line":18,"column":4},"end":{"line":21,"column":5}},{"start":{},"end":{}}]}},"s":{"0":3,"1":3,"2":6,"3":6,"4":5,"5":5,"6":2,"7":5,"8":1,"9":1,"10":5,"11":1,"12":1,"13":5},"f":{"0":6,"1":5},"b":{"0":[2,3],"1":[1,4],"2":[1,4]}}
,"/Users/hariharanrathinakumar/UL/SE/Dissertation/NanoInkPrinter/NanoInkPrinter/Backend/src/utils/stabilityChecker.ts": {"path":"/Users/hariharanrathinakumar/UL/SE/Dissertation/NanoInkPrinter/NanoInkPrinter/Backend/src/utils/stabilityChecker.ts","statementMap":{"0":{"start":{"line":1,"column":0},"end":{"line":1,"column":16}},"1":{"start":{"line":2,"column":19},"end":{"line":2,"column":89}},"2":{"start":{"line":3,"column":23},"end":{"line":3,"column":108}},"3":{"start":{"line":4,"column":24},"end":{"line":4,"column":92}},"4":{"start":{"line":5,"column":27},"end":{"line":5,"column":72}},"5":{"start":{"line":6,"column":26},"end":{"line":6,"column":63}},"6":{"start":{"line":8,"column":4},"end":{"line":8,"column":82}}},"fnMap":{"0":{"name":"checkStability","decl":{"start":{"line":1,"column":16},"end":{"line":1,"column":30}},"loc":{"start":{"line":1,"column":78},"end":{"line":9,"column":3}}}},"branchMap":{"0":{"loc":{"start":{"line":5,"column":27},"end":{"line":5,"column":72}},"type":"binary-expr","locations":[{"start":{"line":5,"column":27},"end":{"line":5,"column":36}},{"start":{"line":5,"column":40},"end":{"line":5,"column":72}}]},"1":{"loc":{"start":{"line":8,"column":11},"end":{"line":8,"column":81}},"type":"binary-expr","locations":[{"start":{"line":8,"column":11},"end":{"line":8,"column":17}},{"start":{"line":8,"column":21},"end":{"line":8,"column":31}},{"start":{"line":8,"column":35},"end":{"line":8,"column":46}},{"start":{"line":8,"column":50},"end":{"line":8,"column":64}},{"start":{"line":8,"column":68},"end":{"line":8,"column":81}}]}},"s":{"0":5,"1":7,"2":7,"3":7,"4":7,"5":7,"6":7},"f":{"0":7},"b":{"0":[7,6],"1":[7,6,5,4,3]}}
,"/Users/hariharanrathinakumar/UL/SE/Dissertation/NanoInkPrinter/NanoInkPrinter/Backend/src/utils/waveformUtils.ts": {"path":"/Users/hariharanrathinakumar/UL/SE/Dissertation/NanoInkPrinter/NanoInkPrinter/Backend/src/utils/waveformUtils.ts","statementMap":{"0":{"start":{"line":1,"column":0},"end":{"line":1,"column":16}},"1":{"start":{"line":2,"column":24},"end":{"line":2,"column":56}},"2":{"start":{"line":3,"column":24},"end":{"line":3,"column":62}},"3":{"start":{"line":4,"column":25},"end":{"line":4,"column":64}},"4":{"start":{"line":5,"column":25},"end":{"line":5,"column":28}},"5":{"start":{"line":6,"column":28},"end":{"line":6,"column":59}},"6":{"start":{"line":7,"column":18},"end":{"line":7,"column":27}},"7":{"start":{"line":9,"column":25},"end":{"line":9,"column":112}},"8":{"start":{"line":11,"column":4},"end":{"line":19,"column":6}}},"fnMap":{"0":{"name":"generateWaveform","decl":{"start":{"line":1,"column":16},"end":{"line":1,"column":32}},"loc":{"start":{"line":1,"column":54},"end":{"line":20,"column":3}}}},"branchMap":{"0":{"loc":{"start":{"line":1,"column":43},"end":{"line":1,"column":54}},"type":"default-arg","locations":[{"start":{"line":1,"column":53},"end":{"line":1,"column":54}}]},"1":{"loc":{"start":{"line":2,"column":24},"end":{"line":2,"column":56}},"type":"cond-expr","locations":[{"start":{"line":2,"column":50},"end":{"line":2,"column":52}},{"start":{"line":2,"column":55},"end":{"line":2,"column":56}}]},"2":{"loc":{"start":{"line":3,"column":24},"end":{"line":3,"column":62}},"type":"cond-expr","locations":[{"start":{"line":3,"column":56},"end":{"line":3,"column":58}},{"start":{"line":3,"column":61},"end":{"line":3,"column":62}}]},"3":{"loc":{"start":{"line":4,"column":25},"end":{"line":4,"column":64}},"type":"cond-expr","locations":[{"start":{"line":4,"column":51},"end":{"line":4,"column":56}},{"start":{"line":4,"column":59},"end":{"line":4,"column":64}}]}},"s":{"0":3,"1":7,"2":7,"3":7,"4":7,"5":7,"6":7,"7":7,"8":7},"f":{"0":7},"b":{"0":[4],"1":[2,5],"2":[2,5],"3":[2,5]}}
}
