TN:
SF:src/controllers/feedbackController.ts
FN:4,(anonymous_9)
FNF:1
FNH:1
FNDA:1,(anonymous_9)
DA:2,1
DA:4,1
DA:8,1
DA:9,1
DA:10,1
LF:5
LH:5
BRF:0
BRH:0
end_of_record
TN:
SF:src/controllers/recommendController.ts
FN:4,(anonymous_9)
FNF:1
FNH:1
FNDA:1,(anonymous_9)
DA:2,1
DA:4,1
DA:5,1
DA:6,1
LF:4
LH:4
BRF:0
BRH:0
end_of_record
TN:
SF:src/controllers/userController.ts
FN:4,(anonymous_9)
FN:9,(anonymous_10)
FNF:2
FNH:2
FNDA:1,(anonymous_9)
FNDA:1,(anonymous_10)
DA:2,1
DA:4,1
DA:5,1
DA:6,1
DA:9,1
DA:10,1
DA:11,1
LF:7
LH:7
BRF:0
BRH:0
end_of_record
TN:
SF:src/services/feedbackService.ts
FN:8,(anonymous_0)
FNF:1
FNH:1
FNDA:3,(anonymous_0)
DA:1,2
DA:2,2
DA:3,2
DA:4,2
DA:6,2
DA:8,2
DA:17,3
DA:19,3
DA:20,2
DA:23,1
DA:47,1
DA:48,1
DA:49,1
DA:51,1
LF:14
LH:14
BRDA:19,0,0,2
BRDA:19,0,1,1
BRDA:19,1,0,3
BRDA:19,1,1,2
BRF:4
BRH:4
end_of_record
TN:
SF:src/services/recommendService.ts
FN:6,(anonymous_0)
FNF:1
FNH:1
FNDA:2,(anonymous_0)
DA:1,2
DA:2,2
DA:3,2
DA:4,2
DA:6,2
DA:7,2
DA:8,2
DA:10,2
DA:12,2
DA:14,2
DA:15,2
DA:16,2
DA:18,2
DA:19,2
DA:21,2
DA:22,1
DA:23,1
DA:24,1
DA:25,1
DA:28,2
LF:20
LH:20
BRDA:21,0,0,3
BRDA:21,0,1,1
BRF:2
BRH:2
end_of_record
TN:
SF:src/services/userService.ts
FN:7,(anonymous_1)
FN:41,(anonymous_2)
FNF:2
FNH:2
FNDA:4,(anonymous_1)
FNDA:4,(anonymous_2)
DA:1,2
DA:2,2
DA:3,2
DA:5,2
DA:7,2
DA:8,4
DA:10,4
DA:11,1
DA:14,3
DA:15,1
DA:18,2
DA:19,2
DA:20,1
DA:23,1
DA:24,1
DA:28,1
DA:41,2
DA:42,4
DA:44,4
DA:45,1
DA:48,3
DA:49,3
DA:50,2
DA:53,1
DA:59,1
LF:25
LH:25
BRDA:10,0,0,1
BRDA:10,0,1,3
BRDA:10,1,0,4
BRDA:10,1,1,3
BRDA:10,1,2,3
BRDA:10,1,3,3
BRDA:14,2,0,1
BRDA:14,2,1,2
BRDA:19,3,0,1
BRDA:19,3,1,1
BRDA:44,4,0,1
BRDA:44,4,1,3
BRDA:44,5,0,4
BRDA:44,5,1,3
BRDA:49,6,0,2
BRDA:49,6,1,1
BRDA:49,7,0,3
BRDA:49,7,1,2
BRF:18
BRH:18
end_of_record
TN:
SF:src/utils/dropletPredictor.ts
FN:1,predictDroplet
FNF:1
FNH:1
FNDA:2,predictDroplet
DA:1,5
DA:2,2
DA:3,2
DA:5,2
LF:4
LH:4
BRDA:10,0,0,1
BRDA:10,0,1,1
BRF:2
BRH:2
end_of_record
TN:
SF:src/utils/fluidNumbers.ts
FN:1,calculateOhReWe
FNF:1
FNH:1
FNDA:5,calculateOhReWe
DA:1,3
DA:2,5
DA:3,5
DA:4,5
DA:5,5
DA:7,5
DA:8,5
DA:9,5
DA:10,5
DA:12,5
LF:10
LH:10
BRDA:17,0,0,2
BRDA:17,0,1,3
BRDA:18,1,0,3
BRDA:18,1,1,2
BRDA:19,2,0,3
BRDA:19,2,1,2
BRF:6
BRH:6
end_of_record
TN:
SF:src/utils/refineUtils.ts
FN:1,requiresUpdate
FN:6,refineWaveform
FNF:2
FNH:2
FNDA:6,requiresUpdate
FNDA:5,refineWaveform
DA:1,3
DA:2,6
DA:3,6
DA:6,3
DA:7,5
DA:9,5
DA:10,2
DA:13,5
DA:14,1
DA:15,1
DA:18,5
DA:19,1
DA:20,1
DA:23,5
LF:14
LH:14
BRDA:9,0,0,2
BRDA:9,0,1,3
BRDA:13,1,0,1
BRDA:13,1,1,4
BRDA:18,2,0,1
BRDA:18,2,1,4
BRF:6
BRH:6
end_of_record
TN:
SF:src/utils/stabilityChecker.ts
FN:1,checkStability
FNF:1
FNH:1
FNDA:7,checkStability
DA:1,5
DA:2,7
DA:3,7
DA:4,7
DA:5,7
DA:6,7
DA:8,7
LF:7
LH:7
BRDA:5,0,0,7
BRDA:5,0,1,6
BRDA:8,1,0,7
BRDA:8,1,1,6
BRDA:8,1,2,5
BRDA:8,1,3,4
BRDA:8,1,4,3
BRF:7
BRH:7
end_of_record
TN:
SF:src/utils/waveformUtils.ts
FN:1,generateWaveform
FNF:1
FNH:1
FNDA:7,generateWaveform
DA:1,3
DA:2,7
DA:3,7
DA:4,7
DA:5,7
DA:6,7
DA:7,7
DA:9,7
DA:11,7
LF:9
LH:9
BRDA:1,0,0,4
BRDA:2,1,0,2
BRDA:2,1,1,5
BRDA:3,2,0,2
BRDA:3,2,1,5
BRDA:4,3,0,2
BRDA:4,3,1,5
BRF:7
BRH:7
end_of_record
